生成启动时间为 2017/10/29 星期日 17:12:03。
     1>项目“F:\Engine_3D\Engine_3D_Win32_Gitee\Engine3D_Win32\Engine3D_Win32.vcxproj”在节点 2 上(Build 个目标)。
     1>ClCompile:
         D:\Microsoft Visual Studio 12.0\VC\bin\CL.exe /c /Zi /nologo /W3 /WX- /sdl /Od /Oi /Oy- /GL /D WIN32 /D NDEBUG /D _WINDOWS /D _UNICODE /D UNICODE /Gm- /EHsc /MD /GS /Gy /fp:precise /Zc:wchar_t /Zc:forScope /Yc"stdafx.h" /Fp"Release\Engine3D_Win32.pch" /Fo"Release\\" /Fd"Release\vc120.pdb" /Gd /TP /analyze- /errorReport:prompt stdafx.cpp
         stdafx.cpp
         D:\Microsoft Visual Studio 12.0\VC\bin\CL.exe /c /Zi /nologo /W3 /WX- /sdl /Od /Oi /Oy- /GL /D WIN32 /D NDEBUG /D _WINDOWS /D _UNICODE /D UNICODE /Gm- /EHsc /MD /GS /Gy /fp:precise /Zc:wchar_t /Zc:forScope /Fo"Release\\" /Fd"Release\vc120.pdb" /Gd /TP /analyze- /errorReport:prompt common\EPoint.cpp common\MultiLinkList.cpp Drawable.cpp Engine3D_Win32.cpp flatform\EPaint.cpp
         EPoint.cpp
     1>common\EPoint.cpp(238): warning C4244: “return”: 从“double”转换到“EFTYPE”，可能丢失数据
     1>common\EPoint.cpp(242): warning C4244: “return”: 从“double”转换到“EFTYPE”，可能丢失数据
         MultiLinkList.cpp
         Drawable.cpp
     1>f:\engine_3d\engine_3d_win32_gitee\engine3d_win32\math3d\Vert3d.h(186): warning C4244: “初始化”: 从“EFTYPE”转换到“int”，可能丢失数据
     1>f:\engine_3d\engine_3d_win32_gitee\engine3d_win32\math3d\Vert3d.h(193): warning C4244: “初始化”: 从“EFTYPE”转换到“int”，可能丢失数据
     1>f:\engine_3d\engine_3d_win32_gitee\engine3d_win32\math3d\Matrix3D.h(137): warning C4244: “=”: 从“const double”转换到“EFTYPE”，可能丢失数据
     1>f:\engine_3d\engine_3d_win32_gitee\engine3d_win32\math3d\Matrix3D.h(158): warning C4244: “=”: 从“const double”转换到“EFTYPE”，可能丢失数据
     1>f:\engine_3d\engine_3d_win32_gitee\engine3d_win32\math3d\Matrix3D.h(179): warning C4244: “=”: 从“const double”转换到“EFTYPE”，可能丢失数据
     1>f:\engine_3d\engine_3d_win32_gitee\engine3d_win32\math3d\Camera3D.h(23): warning C4244: “=”: 从“double”转换到“EFTYPE”，可能丢失数据
     1>f:\engine_3d\engine_3d_win32_gitee\engine3d_win32\math3d\Camera3D.h(24): warning C4244: “=”: 从“double”转换到“EFTYPE”，可能丢失数据
     1>f:\engine_3d\engine_3d_win32_gitee\engine3d_win32\math3d\Camera3D.h(74): warning C4244: “初始化”: 从“double”转换到“EFTYPE”，可能丢失数据
     1>f:\engine_3d\engine_3d_win32_gitee\engine3d_win32\math3d\Light3D.h(87): warning C4244: “=”: 从“EFTYPE”转换到“BYTE”，可能丢失数据
     1>f:\engine_3d\engine_3d_win32_gitee\engine3d_win32\math3d\Light3D.h(88): warning C4244: “=”: 从“EFTYPE”转换到“BYTE”，可能丢失数据
     1>f:\engine_3d\engine_3d_win32_gitee\engine3d_win32\math3d\Light3D.h(89): warning C4244: “=”: 从“EFTYPE”转换到“BYTE”，可能丢失数据
     1>f:\engine_3d\engine_3d_win32_gitee\engine3d_win32\math3d\Light3D.h(90): warning C4244: “=”: 从“EFTYPE”转换到“BYTE”，可能丢失数据
     1>f:\engine_3d\engine_3d_win32_gitee\engine3d_win32\math3d\Light3D.h(98): warning C4244: “=”: 从“EFTYPE”转换到“BYTE”，可能丢失数据
     1>f:\engine_3d\engine_3d_win32_gitee\engine3d_win32\math3d\Light3D.h(99): warning C4244: “=”: 从“EFTYPE”转换到“BYTE”，可能丢失数据
     1>f:\engine_3d\engine_3d_win32_gitee\engine3d_win32\math3d\Light3D.h(100): warning C4244: “=”: 从“EFTYPE”转换到“BYTE”，可能丢失数据
     1>f:\engine_3d\engine_3d_win32_gitee\engine3d_win32\math3d\Light3D.h(101): warning C4244: “=”: 从“EFTYPE”转换到“BYTE”，可能丢失数据
     1>Drawable.cpp(103): warning C4305: “参数”: 从“int”到“BYTE”截断
     1>Drawable.cpp(103): warning C4309: “参数”: 截断常量值
     1>Drawable.cpp(229): warning C4244: “=”: 从“int”转换到“EFTYPE”，可能丢失数据
     1>Drawable.cpp(232): warning C4244: “=”: 从“EFTYPE”转换到“INT”，可能丢失数据
     1>Drawable.cpp(250): warning C4244: “=”: 从“int”转换到“EFTYPE”，可能丢失数据
     1>Drawable.cpp(253): warning C4244: “=”: 从“EFTYPE”转换到“INT”，可能丢失数据
     1>Drawable.cpp(63): warning C4101: “vtemp”: 未引用的局部变量
     1>Drawable.cpp(385): warning C4244: “参数”: 从“LONG”转换到“EPTYPE”，可能丢失数据
     1>Drawable.cpp(456): warning C4244: “初始化”: 从“const double”转换到“EFTYPE”，可能丢失数据
     1>Drawable.cpp(467): warning C4244: “初始化”: 从“int”转换到“EFTYPE”，可能丢失数据
     1>Drawable.cpp(468): warning C4244: “初始化”: 从“int”转换到“EFTYPE”，可能丢失数据
     1>Drawable.cpp(469): warning C4244: “初始化”: 从“int”转换到“EFTYPE”，可能丢失数据
         Engine3D_Win32.cpp
     1>f:\engine_3d\engine_3d_win32_gitee\engine3d_win32\math3d\Vert3d.h(186): warning C4244: “初始化”: 从“EFTYPE”转换到“int”，可能丢失数据
     1>f:\engine_3d\engine_3d_win32_gitee\engine3d_win32\math3d\Vert3d.h(193): warning C4244: “初始化”: 从“EFTYPE”转换到“int”，可能丢失数据
     1>f:\engine_3d\engine_3d_win32_gitee\engine3d_win32\math3d\Matrix3D.h(137): warning C4244: “=”: 从“const double”转换到“EFTYPE”，可能丢失数据
     1>f:\engine_3d\engine_3d_win32_gitee\engine3d_win32\math3d\Matrix3D.h(158): warning C4244: “=”: 从“const double”转换到“EFTYPE”，可能丢失数据
     1>f:\engine_3d\engine_3d_win32_gitee\engine3d_win32\math3d\Matrix3D.h(179): warning C4244: “=”: 从“const double”转换到“EFTYPE”，可能丢失数据
     1>f:\engine_3d\engine_3d_win32_gitee\engine3d_win32\math3d\Camera3D.h(23): warning C4244: “=”: 从“double”转换到“EFTYPE”，可能丢失数据
     1>f:\engine_3d\engine_3d_win32_gitee\engine3d_win32\math3d\Camera3D.h(24): warning C4244: “=”: 从“double”转换到“EFTYPE”，可能丢失数据
     1>f:\engine_3d\engine_3d_win32_gitee\engine3d_win32\math3d\Camera3D.h(74): warning C4244: “初始化”: 从“double”转换到“EFTYPE”，可能丢失数据
     1>f:\engine_3d\engine_3d_win32_gitee\engine3d_win32\math3d\Light3D.h(87): warning C4244: “=”: 从“EFTYPE”转换到“BYTE”，可能丢失数据
     1>f:\engine_3d\engine_3d_win32_gitee\engine3d_win32\math3d\Light3D.h(88): warning C4244: “=”: 从“EFTYPE”转换到“BYTE”，可能丢失数据
     1>f:\engine_3d\engine_3d_win32_gitee\engine3d_win32\math3d\Light3D.h(89): warning C4244: “=”: 从“EFTYPE”转换到“BYTE”，可能丢失数据
     1>f:\engine_3d\engine_3d_win32_gitee\engine3d_win32\math3d\Light3D.h(90): warning C4244: “=”: 从“EFTYPE”转换到“BYTE”，可能丢失数据
     1>f:\engine_3d\engine_3d_win32_gitee\engine3d_win32\math3d\Light3D.h(98): warning C4244: “=”: 从“EFTYPE”转换到“BYTE”，可能丢失数据
     1>f:\engine_3d\engine_3d_win32_gitee\engine3d_win32\math3d\Light3D.h(99): warning C4244: “=”: 从“EFTYPE”转换到“BYTE”，可能丢失数据
     1>f:\engine_3d\engine_3d_win32_gitee\engine3d_win32\math3d\Light3D.h(100): warning C4244: “=”: 从“EFTYPE”转换到“BYTE”，可能丢失数据
     1>f:\engine_3d\engine_3d_win32_gitee\engine3d_win32\math3d\Light3D.h(101): warning C4244: “=”: 从“EFTYPE”转换到“BYTE”，可能丢失数据
     1>Engine3D_Win32.cpp(171): warning C4244: “参数”: 从“LONG”转换到“FLOAT”，可能丢失数据
     1>Engine3D_Win32.cpp(177): warning C4244: “参数”: 从“LONG”转换到“FLOAT”，可能丢失数据
     1>Engine3D_Win32.cpp(178): warning C4244: “参数”: 从“LONG”转换到“FLOAT”，可能丢失数据
     1>Engine3D_Win32.cpp(184): warning C4244: “参数”: 从“LONG”转换到“FLOAT”，可能丢失数据
     1>Engine3D_Win32.cpp(190): warning C4244: “参数”: 从“LONG”转换到“FLOAT”，可能丢失数据
     1>Engine3D_Win32.cpp(196): warning C4244: “参数”: 从“LONG”转换到“FLOAT”，可能丢失数据
     1>Engine3D_Win32.cpp(133): warning C4101: “ps”: 未引用的局部变量
     1>Engine3D_Win32.cpp(134): warning C4101: “hdc”: 未引用的局部变量
         EPaint.cpp
       ResourceCompile:
         C:\Program Files (x86)\Windows Kits\8.1\bin\x86\rc.exe /D _UNICODE /D UNICODE /l"0x0409" /nologo /fo"Release\Engine3D_Win32.res" Engine3D_Win32.rc 
       Link:
         D:\Microsoft Visual Studio 12.0\VC\bin\link.exe /ERRORREPORT:PROMPT /OUT:"F:\Engine_3D\Engine_3D_Win32_Gitee\Release\Engine3D_Win32.exe" /INCREMENTAL:NO /NOLOGO kernel32.lib user32.lib gdi32.lib winspool.lib comdlg32.lib advapi32.lib shell32.lib ole32.lib oleaut32.lib uuid.lib odbc32.lib odbccp32.lib /MANIFEST /MANIFESTUAC:"level='asInvoker' uiAccess='false'" /manifest:embed /DEBUG /PDB:"F:\Engine_3D\Engine_3D_Win32_Gitee\Release\Engine3D_Win32.pdb" /SUBSYSTEM:WINDOWS /OPT:REF /OPT:ICF /LTCG /TLBID:1 /DYNAMICBASE /NXCOMPAT /IMPLIB:"F:\Engine_3D\Engine_3D_Win32_Gitee\Release\Engine3D_Win32.lib" /MACHINE:X86 /SAFESEH Release\Engine3D_Win32.res
         Release\EPoint.obj
         Release\MultiLinkList.obj
         Release\Drawable.obj
         Release\Engine3D_Win32.obj
         Release\EPaint.obj
         Release\stdafx.obj
         正在生成代码
         已完成代码的生成
         Engine3D_Win32.vcxproj -> F:\Engine_3D\Engine_3D_Win32_Gitee\Release\Engine3D_Win32.exe
     1>已完成生成项目“F:\Engine_3D\Engine_3D_Win32_Gitee\Engine3D_Win32\Engine3D_Win32.vcxproj”(Build 个目标)的操作。

生成成功。

已用时间 00:00:05.53
